Analysis & Synthesis report for jogo_da_memoria
Fri Jun  8 19:41:37 2018
Quartus Prime Version 17.1.0 Build 590 10/25/2017 SJ Lite Edition


---------------------
; Table of Contents ;
---------------------
  1. Legal Notice
  2. Analysis & Synthesis Summary
  3. Analysis & Synthesis Settings
  4. Parallel Compilation
  5. Analysis & Synthesis Messages



----------------
; Legal Notice ;
----------------
Copyright (C) 2017  Intel Corporation. All rights reserved.
Your use of Intel Corporation's design tools, logic functions 
and other software and tools, and its AMPP partner logic 
functions, and any output files from any of the foregoing 
(including device programming or simulation files), and any 
associated documentation or information are expressly subject 
to the terms and conditions of the Intel Program License 
Subscription Agreement, the Intel Quartus Prime License Agreement,
the Intel FPGA IP License Agreement, or other applicable license
agreement, including, without limitation, that your use is for
the sole purpose of programming logic devices manufactured by
Intel and sold by Intel or its authorized distributors.  Please
refer to the applicable agreement for further details.



+---------------------------------------------------------------------------+
; Analysis & Synthesis Summary                                              ;
+-----------------------------+---------------------------------------------+
; Analysis & Synthesis Status ; Failed - Fri Jun  8 19:41:37 2018           ;
; Quartus Prime Version       ; 17.1.0 Build 590 10/25/2017 SJ Lite Edition ;
; Revision Name               ; jogo_da_memoria                             ;
; Top-level Entity Name       ; game_control                                ;
; Family                      ; Cyclone V                                   ;
; Logic utilization (in ALMs) ; N/A until Partition Merge                   ;
; Total registers             ; N/A until Partition Merge                   ;
; Total pins                  ; N/A until Partition Merge                   ;
; Total virtual pins          ; N/A until Partition Merge                   ;
; Total block memory bits     ; N/A until Partition Merge                   ;
; Total PLLs                  ; N/A until Partition Merge                   ;
; Total DLLs                  ; N/A until Partition Merge                   ;
+-----------------------------+---------------------------------------------+


+---------------------------------------------------------------------------------------------------------------------------+
; Analysis & Synthesis Settings                                                                                             ;
+---------------------------------------------------------------------------------+--------------------+--------------------+
; Option                                                                          ; Setting            ; Default Value      ;
+---------------------------------------------------------------------------------+--------------------+--------------------+
; Device                                                                          ; 5CSEMA5F31C6       ;                    ;
; Top-level entity name                                                           ; game_control       ; jogo_da_memoria    ;
; Family name                                                                     ; Cyclone V          ; Cyclone V          ;
; Use smart compilation                                                           ; Off                ; Off                ;
; Enable parallel Assembler and TimeQuest Timing Analyzer during compilation      ; On                 ; On                 ;
; Enable compact report table                                                     ; Off                ; Off                ;
; Restructure Multiplexers                                                        ; Auto               ; Auto               ;
; MLAB Add Timing Constraints For Mixed-Port Feed-Through Mode Setting Don't Care ; Off                ; Off                ;
; Create Debugging Nodes for IP Cores                                             ; Off                ; Off                ;
; Preserve fewer node names                                                       ; On                 ; On                 ;
; Intel FPGA IP Evaluation Mode                                                   ; Enable             ; Enable             ;
; Verilog Version                                                                 ; Verilog_2001       ; Verilog_2001       ;
; VHDL Version                                                                    ; VHDL_1993          ; VHDL_1993          ;
; State Machine Processing                                                        ; Auto               ; Auto               ;
; Safe State Machine                                                              ; Off                ; Off                ;
; Extract Verilog State Machines                                                  ; On                 ; On                 ;
; Extract VHDL State Machines                                                     ; On                 ; On                 ;
; Ignore Verilog initial constructs                                               ; Off                ; Off                ;
; Iteration limit for constant Verilog loops                                      ; 5000               ; 5000               ;
; Iteration limit for non-constant Verilog loops                                  ; 250                ; 250                ;
; Add Pass-Through Logic to Inferred RAMs                                         ; On                 ; On                 ;
; Infer RAMs from Raw Logic                                                       ; On                 ; On                 ;
; Parallel Synthesis                                                              ; On                 ; On                 ;
; DSP Block Balancing                                                             ; Auto               ; Auto               ;
; NOT Gate Push-Back                                                              ; On                 ; On                 ;
; Power-Up Don't Care                                                             ; On                 ; On                 ;
; Remove Redundant Logic Cells                                                    ; Off                ; Off                ;
; Remove Duplicate Registers                                                      ; On                 ; On                 ;
; Ignore CARRY Buffers                                                            ; Off                ; Off                ;
; Ignore CASCADE Buffers                                                          ; Off                ; Off                ;
; Ignore GLOBAL Buffers                                                           ; Off                ; Off                ;
; Ignore ROW GLOBAL Buffers                                                       ; Off                ; Off                ;
; Ignore LCELL Buffers                                                            ; Off                ; Off                ;
; Ignore SOFT Buffers                                                             ; On                 ; On                 ;
; Limit AHDL Integers to 32 Bits                                                  ; Off                ; Off                ;
; Optimization Technique                                                          ; Balanced           ; Balanced           ;
; Carry Chain Length                                                              ; 70                 ; 70                 ;
; Auto Carry Chains                                                               ; On                 ; On                 ;
; Auto Open-Drain Pins                                                            ; On                 ; On                 ;
; Perform WYSIWYG Primitive Resynthesis                                           ; Off                ; Off                ;
; Auto ROM Replacement                                                            ; On                 ; On                 ;
; Auto RAM Replacement                                                            ; On                 ; On                 ;
; Auto DSP Block Replacement                                                      ; On                 ; On                 ;
; Auto Shift Register Replacement                                                 ; Auto               ; Auto               ;
; Allow Shift Register Merging across Hierarchies                                 ; Auto               ; Auto               ;
; Auto Clock Enable Replacement                                                   ; On                 ; On                 ;
; Strict RAM Replacement                                                          ; Off                ; Off                ;
; Allow Synchronous Control Signals                                               ; On                 ; On                 ;
; Force Use of Synchronous Clear Signals                                          ; Off                ; Off                ;
; Auto Resource Sharing                                                           ; Off                ; Off                ;
; Allow Any RAM Size For Recognition                                              ; Off                ; Off                ;
; Allow Any ROM Size For Recognition                                              ; Off                ; Off                ;
; Allow Any Shift Register Size For Recognition                                   ; Off                ; Off                ;
; Use LogicLock Constraints during Resource Balancing                             ; On                 ; On                 ;
; Ignore translate_off and synthesis_off directives                               ; Off                ; Off                ;
; Timing-Driven Synthesis                                                         ; On                 ; On                 ;
; Report Parameter Settings                                                       ; On                 ; On                 ;
; Report Source Assignments                                                       ; On                 ; On                 ;
; Report Connectivity Checks                                                      ; On                 ; On                 ;
; Ignore Maximum Fan-Out Assignments                                              ; Off                ; Off                ;
; Synchronization Register Chain Length                                           ; 3                  ; 3                  ;
; Power Optimization During Synthesis                                             ; Normal compilation ; Normal compilation ;
; HDL message level                                                               ; Level2             ; Level2             ;
; Suppress Register Optimization Related Messages                                 ; Off                ; Off                ;
; Number of Removed Registers Reported in Synthesis Report                        ; 5000               ; 5000               ;
; Number of Swept Nodes Reported in Synthesis Report                              ; 5000               ; 5000               ;
; Number of Inverted Registers Reported in Synthesis Report                       ; 100                ; 100                ;
; Clock MUX Protection                                                            ; On                 ; On                 ;
; Auto Gated Clock Conversion                                                     ; Off                ; Off                ;
; Block Design Naming                                                             ; Auto               ; Auto               ;
; SDC constraint protection                                                       ; Off                ; Off                ;
; Synthesis Effort                                                                ; Auto               ; Auto               ;
; Shift Register Replacement - Allow Asynchronous Clear Signal                    ; On                 ; On                 ;
; Pre-Mapping Resynthesis Optimization                                            ; Off                ; Off                ;
; Analysis & Synthesis Message Level                                              ; Medium             ; Medium             ;
; Disable Register Merging Across Hierarchies                                     ; Auto               ; Auto               ;
; Resource Aware Inference For Block RAM                                          ; On                 ; On                 ;
; Automatic Parallel Synthesis                                                    ; On                 ; On                 ;
; Partial Reconfiguration Bitstream ID                                            ; Off                ; Off                ;
+---------------------------------------------------------------------------------+--------------------+--------------------+


+------------------------------------------+
; Parallel Compilation                     ;
+----------------------------+-------------+
; Processors                 ; Number      ;
+----------------------------+-------------+
; Number detected on machine ; 4           ;
; Maximum allowed            ; 4           ;
;                            ;             ;
; Average used               ; 1.00        ;
; Maximum used               ; 1           ;
;                            ;             ;
; Usage by Processor         ; % Time Used ;
;     Processor 1            ; 100.0%      ;
+----------------------------+-------------+


+-------------------------------+
; Analysis & Synthesis Messages ;
+-------------------------------+
Info: *******************************************************************
Info: Running Quartus Prime Analysis & Synthesis
    Info: Version 17.1.0 Build 590 10/25/2017 SJ Lite Edition
    Info: Processing started: Fri Jun  8 19:41:29 2018
Info: Command: quartus_map --read_settings_files=on --write_settings_files=off jogo_da_memoria -c jogo_da_memoria
Warning (18236): Number of processors has not been specified which may cause overloading on shared machines.  Set the global assignment NUM_PARALLEL_PROCESSORS in your QSF to an appropriate value for best performance.
Info (20030): Parallel compilation is enabled and will use 4 of the 4 processors detected
Info (12021): Found 2 design units, including 1 entities, in source file play_table.vhd
    Info (12022): Found design unit 1: play_table-rtl File: /home/ec2016/ra188115/Documents/MC613/Projeto/play_table.vhd Line: 20
    Info (12023): Found entity 1: play_table File: /home/ec2016/ra188115/Documents/MC613/Projeto/play_table.vhd Line: 6
Info (12021): Found 2 design units, including 1 entities, in source file ready_table.vhd
    Info (12022): Found design unit 1: ready_table-rtl File: /home/ec2016/ra188115/Documents/MC613/Projeto/ready_table.vhd Line: 17
    Info (12023): Found entity 1: ready_table File: /home/ec2016/ra188115/Documents/MC613/Projeto/ready_table.vhd Line: 6
Info (12021): Found 2 design units, including 1 entities, in source file config_table.vhd
    Info (12022): Found design unit 1: config_table-rtl File: /home/ec2016/ra188115/Documents/MC613/Projeto/config_table.vhd Line: 18
    Info (12023): Found entity 1: config_table File: /home/ec2016/ra188115/Documents/MC613/Projeto/config_table.vhd Line: 5
Info (12021): Found 2 design units, including 1 entities, in source file game_control.vhd
    Info (12022): Found design unit 1: game_control-rtl File: /home/ec2016/ra188115/Documents/MC613/Projeto/game_control.vhd Line: 23
    Info (12023): Found entity 1: game_control File: /home/ec2016/ra188115/Documents/MC613/Projeto/game_control.vhd Line: 8
Info (12021): Found 2 design units, including 1 entities, in source file bin2dec.vhd
    Info (12022): Found design unit 1: bin2dec-Behavior File: /home/ec2016/ra188115/Documents/MC613/Projeto/bin2dec.vhd Line: 8
    Info (12023): Found entity 1: bin2dec File: /home/ec2016/ra188115/Documents/MC613/Projeto/bin2dec.vhd Line: 4
Info (12021): Found 2 design units, including 1 entities, in source file ps2_iobase.vhd
    Info (12022): Found design unit 1: ps2_iobase-rtl File: /home/ec2016/ra188115/Documents/MC613/Projeto/ps2_iobase.vhd Line: 41
    Info (12023): Found entity 1: ps2_iobase File: /home/ec2016/ra188115/Documents/MC613/Projeto/ps2_iobase.vhd Line: 20
Info (12021): Found 2 design units, including 1 entities, in source file kbdex_ctrl.vhd
    Info (12022): Found design unit 1: kbdex_ctrl-rtl File: /home/ec2016/ra188115/Documents/MC613/Projeto/kbdex_ctrl.vhd Line: 63
    Info (12023): Found entity 1: kbdex_ctrl File: /home/ec2016/ra188115/Documents/MC613/Projeto/kbdex_ctrl.vhd Line: 47
Info (12021): Found 2 design units, including 1 entities, in source file kbd_alphanum.vhd
    Info (12022): Found design unit 1: kbd_alphanum-rtl File: /home/ec2016/ra188115/Documents/MC613/Projeto/kbd_alphanum.vhd Line: 14
    Info (12023): Found entity 1: kbd_alphanum File: /home/ec2016/ra188115/Documents/MC613/Projeto/kbd_alphanum.vhd Line: 4
Info (12021): Found 2 design units, including 1 entities, in source file ff_t.vhd
    Info (12022): Found design unit 1: ff_t-structural File: /home/ec2016/ra188115/Documents/MC613/Projeto/ff_t.vhd Line: 15
    Info (12023): Found entity 1: ff_t File: /home/ec2016/ra188115/Documents/MC613/Projeto/ff_t.vhd Line: 4
Info (12021): Found 2 design units, including 1 entities, in source file ff_d.vhd
    Info (12022): Found design unit 1: ff_d-structural File: /home/ec2016/ra188115/Documents/MC613/Projeto/ff_d.vhd Line: 15
    Info (12023): Found entity 1: ff_d File: /home/ec2016/ra188115/Documents/MC613/Projeto/ff_d.vhd Line: 4
Info (12021): Found 2 design units, including 1 entities, in source file code2ascii.vhd
    Info (12022): Found design unit 1: code2ascii-tradution File: /home/ec2016/ra188115/Documents/MC613/Projeto/code2ascii.vhd Line: 12
    Info (12023): Found entity 1: code2ascii File: /home/ec2016/ra188115/Documents/MC613/Projeto/code2ascii.vhd Line: 4
Info (12021): Found 2 design units, including 1 entities, in source file bin2hex.vhd
    Info (12022): Found design unit 1: bin2hex-Behavior File: /home/ec2016/ra188115/Documents/MC613/Projeto/bin2hex.vhd Line: 9
    Info (12023): Found entity 1: bin2hex File: /home/ec2016/ra188115/Documents/MC613/Projeto/bin2hex.vhd Line: 4
Info (12021): Found 2 design units, including 1 entities, in source file ascii_2_num.vhd
    Info (12022): Found design unit 1: ascii_2_num-Behavior File: /home/ec2016/ra188115/Documents/MC613/Projeto/ascii_2_num.vhd Line: 10
    Info (12023): Found entity 1: ascii_2_num File: /home/ec2016/ra188115/Documents/MC613/Projeto/ascii_2_num.vhd Line: 4
Info (12021): Found 1 design units, including 0 entities, in source file game_package.vhd
    Info (12022): Found design unit 1: game_package File: /home/ec2016/ra188115/Documents/MC613/Projeto/game_package.vhd Line: 4
Error (10476): VHDL error at game_control.vhd(116): type of identifier "pb" does not agree with its usage as "integer" type File: /home/ec2016/ra188115/Documents/MC613/Projeto/game_control.vhd Line: 116
Error (10558): VHDL error at game_control.vhd(116): cannot associate formal port "linha" of mode "out" with an expression File: /home/ec2016/ra188115/Documents/MC613/Projeto/game_control.vhd Line: 116
Error (10476): VHDL error at game_control.vhd(116): type of identifier "pc" does not agree with its usage as "integer" type File: /home/ec2016/ra188115/Documents/MC613/Projeto/game_control.vhd Line: 116
Error (10558): VHDL error at game_control.vhd(116): cannot associate formal port "coluna" of mode "out" with an expression File: /home/ec2016/ra188115/Documents/MC613/Projeto/game_control.vhd Line: 116
Error (10476): VHDL error at game_control.vhd(116): type of identifier "pd" does not agree with its usage as "integer" type File: /home/ec2016/ra188115/Documents/MC613/Projeto/game_control.vhd Line: 116
Error (10558): VHDL error at game_control.vhd(116): cannot associate formal port "carta1" of mode "out" with an expression File: /home/ec2016/ra188115/Documents/MC613/Projeto/game_control.vhd Line: 116
Error (10476): VHDL error at game_control.vhd(116): type of identifier "pe" does not agree with its usage as "integer" type File: /home/ec2016/ra188115/Documents/MC613/Projeto/game_control.vhd Line: 116
Error (10558): VHDL error at game_control.vhd(116): cannot associate formal port "carta2" of mode "out" with an expression File: /home/ec2016/ra188115/Documents/MC613/Projeto/game_control.vhd Line: 116
Error (10476): VHDL error at game_control.vhd(116): type of identifier "pf" does not agree with its usage as "vetor" type File: /home/ec2016/ra188115/Documents/MC613/Projeto/game_control.vhd Line: 116
Error (10558): VHDL error at game_control.vhd(116): cannot associate formal port "player_score" of mode "out" with an expression File: /home/ec2016/ra188115/Documents/MC613/Projeto/game_control.vhd Line: 116
Error: Quartus Prime Analysis & Synthesis was unsuccessful. 10 errors, 1 warning
    Error: Peak virtual memory: 1137 megabytes
    Error: Processing ended: Fri Jun  8 19:41:37 2018
    Error: Elapsed time: 00:00:08
    Error: Total CPU time (on all processors): 00:00:20


